DirectionalLight.obj : error LNK2001: unresolved external symbol __imp___glewUniform1f
DirectionalLight.obj : error LNK2001: unresolved external symbol __imp___glewUniform3f
main.obj : error LNK2001: unresolved external symbol glfwSwapBuffers
main.obj : error LNK2001: unresolved external symbol __imp___glewUseProgram
main.obj : error LNK2001: unresolved external symbol glfwGetTime
main.obj : error LNK2001: unresolved external symbol glfwPollEvents
main.obj : error LNK2001: unresolved external symbol __imp___glewUniformMatrix4fv
main.obj : error LNK2001: unresolved external symbol "public: __cdecl Assimp::Importer::~Importer(void)" (??1Importer@Assimp@@QEAA@XZ)
main.obj : error LNK2001: unresolved external symbol "public: __cdecl Assimp::Importer::Importer(void)" (??0Importer@Assimp@@QEAA@XZ)
main.obj : error LNK2001: unresolved external symbol glfwWindowShouldClose
Mesh.obj : error LNK2001: unresolved external symbol __imp___glewEnableVertexAttribArray
Mesh.obj : error LNK2001: unresolved external symbol __imp___glewBindVertexArray
Mesh.obj : error LNK2001: unresolved external symbol __imp___glewVertexAttribPointer
Mesh.obj : error LNK2001: unresolved external symbol __imp___glewBindBuffer
Mesh.obj : error LNK2001: unresolved external symbol __imp___glewDeleteVertexArrays
Mesh.obj : error LNK2001: unresolved external symbol __imp___glewBufferData
Mesh.obj : error LNK2001: unresolved external symbol __imp___glewGenVertexArrays
Mesh.obj : error LNK2001: unresolved external symbol __imp___glewGenBuffers
Mesh.obj : error LNK2001: unresolved external symbol __imp___glewDeleteBuffers
Shader.obj : error LNK2001: unresolved external symbol __imp___glewGetShaderiv
Shader.obj : error LNK2001: unresolved external symbol __imp___glewCompileShader
Shader.obj : error LNK2001: unresolved external symbol __imp___glewCreateShader
Shader.obj : error LNK2001: unresolved external symbol __imp___glewCreateProgram
Shader.obj : error LNK2001: unresolved external symbol __imp___glewUniform1i
Shader.obj : error LNK2001: unresolved external symbol __imp___glewGetShaderInfoLog
Shader.obj : error LNK2001: unresolved external symbol __imp___glewValidateProgram
Shader.obj : error LNK2001: unresolved external symbol __imp___glewGetProgramiv
Shader.obj : error LNK2001: unresolved external symbol __imp___glewGetUniformLocation
Shader.obj : error LNK2001: unresolved external symbol __imp___glewAttachShader
Shader.obj : error LNK2001: unresolved external symbol __imp___glewDeleteProgram
Shader.obj : error LNK2001: unresolved external symbol __imp___glewShaderSource
Shader.obj : error LNK2001: unresolved external symbol __imp___glewGetProgramInfoLog
Shader.obj : error LNK2001: unresolved external symbol __imp___glewLinkProgram
Texture.obj : error LNK2001: unresolved external symbol __imp___glewActiveTexture
Texture.obj : error LNK2001: unresolved external symbol __imp___glewGenerateMipmap
Window.obj : error LNK2001: unresolved external symbol glfwGetWindowUserPointer
Window.obj : error LNK2001: unresolved external symbol glfwGetFramebufferSize
Window.obj : error LNK2001: unresolved external symbol glfwTerminate
Window.obj : error LNK2001: unresolved external symbol glfwInit
Window.obj : error LNK2001: unresolved external symbol glfwSetKeyCallback
Window.obj : error LNK2001: unresolved external symbol glfwSetWindowShouldClose
Window.obj : error LNK2001: unresolved external symbol glfwCreateWindow
Window.obj : error LNK2001: unresolved external symbol glfwWindowHint
Window.obj : error LNK2001: unresolved external symbol glfwSetInputMode
Window.obj : error LNK2001: unresolved external symbol glfwMakeContextCurrent
Window.obj : error LNK2001: unresolved external symbol glfwSetWindowUserPointer
Window.obj : error LNK2001: unresolved external symbol glfwDestroyWindow
Window.obj : error LNK2001: unresolved external symbol __imp_glewExperimental
Window.obj : error LNK2001: unresolved external symbol glfwSetCursorPosCallback
Window.obj : error LNK2001: unresolved external symbol __imp_glewInit
C:\Users\PC\source\repos\OpenGL_App\x64\Release\OpenGL_App.exe : fatal error LNK1120: 50 unresolved externals
